{
  "RSpec": {
    "coverage": {
      "/Users/gregorygrillone/Documents/personal_site/app/controllers/application_controller.rb": [
        1,
        null,
        null,
        1,
        null
      ],
      "/Users/gregorygrillone/Documents/personal_site/app/helpers/application_helper.rb": [
        1,
        null
      ],
      "/Users/gregorygrillone/Documents/personal_site/app/models/admin_user.rb": [
        1,
        null,
        null,
        1,
        null,
        null
      ],
      "/Users/gregorygrillone/Documents/personal_site/app/admin/admin_user.rb": [
        1,
        1,
        null,
        1,
        0,
        0,
        0,
        0,
        0,
        0,
        0,
        null,
        null,
        1,
        1,
        1,
        1,
        null,
        1,
        0,
        0,
        0,
        0,
        null,
        0,
        null,
        null,
        null
      ],
      "/Users/gregorygrillone/Documents/personal_site/app/admin/dashboard.rb": [
        1,
        null,
        1,
        null,
        1,
        0,
        0,
        0,
        0,
        null,
        null,
        null,
        null,
        null,
        null,
        null,
        null,
        null,
        null,
        null,
        null,
        null,
        null,
        null,
        null,
        null,
        null,
        null,
        null,
        null,
        null,
        null,
        null
      ],
      "/Users/gregorygrillone/Documents/personal_site/app/models/admin_user_audit.rb": [
        1,
        null
      ],
      "/Users/gregorygrillone/Documents/personal_site/app/models/comment.rb": [
        1,
        null
      ],
      "/Users/gregorygrillone/Documents/personal_site/app/models/post.rb": [
        1,
        null
      ],
      "/Users/gregorygrillone/Documents/personal_site/app/models/post_tag.rb": [
        1,
        null
      ],
      "/Users/gregorygrillone/Documents/personal_site/app/models/social_media.rb": [
        1,
        null
      ],
      "/Users/gregorygrillone/Documents/personal_site/app/models/tag.rb": [
        1,
        null
      ]
    },
    "timestamp": 1415559687
  }
}
